\BOOKMARK [0][-]{chapter.1}{\376\377\000I\000n\000t\000r\000o}{}% 1
\BOOKMARK [1][-]{section.1.1}{\376\377\000I\000n\000t\000r\000o\000d\000u\000c\000t\000i\000o\000n}{chapter.1}% 2
\BOOKMARK [1][-]{section.1.2}{\376\377\000F\000i\000r\000s\000t\000\040\000S\000t\000e\000p\000s}{chapter.1}% 3
\BOOKMARK [1][-]{section.1.3}{\376\377\000W\000o\000r\000k\000i\000n\000g\000\040\000w\000i\000t\000h\000\040\000D\000a\000t\000a}{chapter.1}% 4
\BOOKMARK [0][-]{chapter.2}{\376\377\000F\000i\000l\000e\000s}{}% 5
\BOOKMARK [1][-]{section.2.1}{\376\377\000T\000i\000m\000e\000-\000S\000e\000r\000i\000e\000s\000\040\000D\000a\000t\000a\000\040\000F\000i\000l\000e\000\040\000F\000o\000r\000m\000a\000t\000s}{chapter.2}% 6
\BOOKMARK [1][-]{section.2.2}{\376\377\000M\000e\000t\000a\000d\000a\000t\000a\000\040\000F\000i\000l\000e\000\040\000F\000o\000r\000m\000a\000t\000s}{chapter.2}% 7
\BOOKMARK [1][-]{section.2.3}{\376\377\000H\000D\000F\0005\000\040\000F\000i\000l\000e\000\040\000F\000o\000r\000m\000a\000t\000s}{chapter.2}% 8
\BOOKMARK [1][-]{section.2.4}{\376\377\000X\000M\000L\000\040\000M\000e\000t\000a\000-\000D\000a\000t\000a}{chapter.2}% 9
\BOOKMARK [0][-]{chapter.3}{\376\377\000W\000e\000b}{}% 10
\BOOKMARK [1][-]{section.3.1}{\376\377\000W\000e\000b\000\040\000R\000e\000q\000u\000e\000s\000t\000s}{chapter.3}% 11
\BOOKMARK [1][-]{section.3.2}{\376\377\000S\000e\000e\000d\000L\000i\000n\000k}{chapter.3}% 12
\BOOKMARK [0][-]{chapter.4}{\376\377\000P\000r\000o\000c\000e\000s\000s\000i\000n\000g}{}% 13
\BOOKMARK [1][-]{section.4.1}{\376\377\000B\000a\000s\000i\000c\000\040\000F\000u\000n\000c\000t\000i\000o\000n\000s}{chapter.4}% 14
\BOOKMARK [1][-]{section.4.2}{\376\377\000C\000u\000s\000t\000o\000m\000i\000z\000a\000b\000l\000e\000\040\000F\000u\000n\000c\000t\000i\000o\000n\000s}{chapter.4}% 15
\BOOKMARK [0][-]{chapter.5}{\376\377\000S\000u\000b\000m\000o\000d\000u\000l\000e\000s}{}% 16
\BOOKMARK [1][-]{section.5.1}{\376\377\000Q\000u\000a\000k\000e}{chapter.5}% 17
\BOOKMARK [1][-]{section.5.2}{\376\377\000R\000e\000a\000d\000i\000n\000g\000\040\000E\000a\000r\000t\000h\000q\000u\000a\000k\000e\000\040\000D\000a\000t\000a\000\040\000F\000i\000l\000e\000s}{chapter.5}% 18
\BOOKMARK [1][-]{section.5.3}{\376\377\000R\000a\000n\000d\000S\000e\000i\000s}{chapter.5}% 19
\BOOKMARK [0][-]{chapter.6}{\376\377\000A\000p\000p\000e\000n\000d\000i\000c\000e\000s}{}% 20
\BOOKMARK [1][-]{section.6.1}{\376\377\000U\000t\000i\000l\000i\000t\000y\000\040\000F\000u\000n\000c\000t\000i\000o\000n\000s}{chapter.6}% 21
\BOOKMARK [1][-]{section.6.2}{\376\377\000S\000e\000i\000s\000I\000O\000\040\000N\000a\000t\000i\000v\000e\000\040\000F\000o\000r\000m\000a\000t}{chapter.6}% 22
\BOOKMARK [1][-]{section.6.3}{\376\377\000D\000a\000t\000a\000\040\000R\000e\000q\000u\000e\000s\000t\000s\000\040\000S\000y\000n\000t\000a\000x}{chapter.6}% 23
\BOOKMARK [1][-]{section.6.4}{\376\377\000S\000e\000i\000s\000I\000O\000\040\000S\000t\000a\000n\000d\000a\000r\000d\000\040\000K\000e\000y\000w\000o\000r\000d\000s}{chapter.6}% 24
\BOOKMARK [1][-]{section.6.5}{\376\377\000E\000x\000a\000m\000p\000l\000e\000s}{chapter.6}% 25
\BOOKMARK [0][-]{section*.122}{\376\377\000I\000n\000d\000e\000x}{}% 26
